<?xml version='1.0'?>
<ns2:test-suite xmlns:ns2='urn:model.allure.qatools.yandex.ru' start='1597461337200' stop='1597461348520'>
    <name>Login page feature test</name>
    <title>Login page feature test</title>
    <test-cases>
        <test-case start='1597461337200' status='undefined'>
            <name>Verify Signup link exists?</name>
            <title>Verify Signup link exists?</title>
            <labels>
                <label name='language' value='javascript'/>
                <label name='framework' value='wdio'/>
                <label name='thread' value='0-0'/>
            </labels>
            <parameters>
                <parameter kind='argument' name='browser' value='Chrome-19.5.0'/>
            </parameters>
            <steps/>
            <attachments/>
        </test-case>
        <test-case start='1597461345772' status='undefined'>
            <name>Verify Signup link exists?</name>
            <title>Verify Signup link exists?</title>
            <labels>
                <label name='language' value='javascript'/>
                <label name='framework' value='wdio'/>
                <label name='thread' value='0-0'/>
            </labels>
            <parameters>
                <parameter kind='argument' name='browser' value='Chrome-19.5.0'/>
            </parameters>
            <steps/>
            <attachments/>
        </test-case>
        <test-case start='1597461347137' status='failed' stop='1597461348519'>
            <name>Verify Signup link exists?</name>
            <title>Verify Signup link exists?</title>
            <labels>
                <label name='language' value='javascript'/>
                <label name='framework' value='wdio'/>
                <label name='thread' value='0-0'/>
            </labels>
            <parameters>
                <parameter kind='argument' name='browser' value='Chrome-19.5.0'/>
            </parameters>
            <steps/>
            <attachments/>
            <failure>
                <message>Sign up link is not present: expected false to equal true</message>
                <stack-trace>AssertionError: Sign up link is not present: expected false to equal true
                    at Context.&lt;anonymous> (/Users/Parihar08/Desktop/Study/WDIO-POM-Framework/test/logintest.js:21:16)</stack-trace>
            </failure>
        </test-case>
    </test-cases>
</ns2:test-suite>